#-----------------------------------------------------------
# Vivado v2019.2 (64-bit)
# SW Build 2708876 on Wed Nov  6 21:40:23 MST 2019
# IP Build 2700528 on Thu Nov  7 00:09:20 MST 2019
# Start of session at: Thu May 21 12:02:46 2020
# Process ID: 7204
# Current directory: C:/Users/M.F.M.MUAZ/Desktop/HDL lab/HDL_Labs/Lab 1
# Command line: vivado.exe -gui_launcher_event rodinguilauncherevent18264 C:\Users\M.F.M.MUAZ\Desktop\HDL lab\HDL_Labs\Lab 1\Lab 1.xpr
# Log file: C:/Users/M.F.M.MUAZ/Desktop/HDL lab/HDL_Labs/Lab 1/vivado.log
# Journal file: C:/Users/M.F.M.MUAZ/Desktop/HDL lab/HDL_Labs/Lab 1\vivado.jou
#-----------------------------------------------------------
start_gui
open_project {C:/Users/M.F.M.MUAZ/Desktop/HDL lab/HDL_Labs/Lab 1/Lab 1.xpr}
Scanning sources...
Finished scanning sources
INFO: [IP_Flow 19-234] Refreshing IP repositories
INFO: [IP_Flow 19-1704] No user IP repositories specified
INFO: [IP_Flow 19-2313] Loaded Vivado IP repository 'C:/Xilinx/Vivado/2019.2/data/ip'.
open_project: Time (s): cpu = 00:00:25 ; elapsed = 00:00:36 . Memory (MB): peak = 723.605 ; gain = 114.719
update_compile_order -fileset sources_1
exit
INFO: [Common 17-206] Exiting Vivado at Thu May 21 12:06:57 2020...
